This is pTeXk, Version 3.141592-p3.1.4 (sjis) (Web2C 7.5.3) (format=platex 2004.10.11)  18 JUN 2010 18:37
 Source specials enabled.
**Souti.tex
(./Souti.tex
pLaTeX2e <2004/08/10>+0 (based on LaTeX2e <2003/12/01> patch level 0)
! Undefined control sequence.
l.2 \subsection
               {実験装置}
The control sequence at the end of the top line
of your error message was never \def'ed. If you have
misspelled it (e.g., `\hobx'), type `I' and the correct
spelling (e.g., `I\hbox'). Otherwise just continue,
and I'll forget about whatever was undefined.


! LaTeX Error: Missing \begin{document}.

See the LaTeX manual or LaTeX Compani
on for explanation.
Type  H <return>  for immediate help.
 ...                                              
                                                  
l.2 \subsection{実
                  験装置}
You're in trouble here.  Try typing  <return>  to proceed.
If that doesn't work, type  X <return>  to quit.

! Undefined control sequence.
l.3 \subsubsection
                  {図の貼り方}
The control sequence at the end of the top line
of your error message was never \def'ed. If you have
misspelled it (e.g., `\hobx'), type `I' and the correct
spelling (e.g., `I\hbox'). Otherwise just continue,
and I'll forget about whatever was undefined.


Overfull \hbox (29.62216pt too wide) in paragraph at lines 2--4
[][]\JY1/mc/m/n/10 実
 []


Overfull \hbox (9.62216pt too wide) in paragraph at lines 2--4
\JY1/mc/m/n/10 験
 []


Overfull \hbox (9.62216pt too wide) in paragraph at lines 2--4
\JY1/mc/m/n/10 装
 []


Overfull \hbox (9.62216pt too wide) in paragraph at lines 2--4
\JY1/mc/m/n/10 置
 []


Overfull \hbox (9.62216pt too wide) in paragraph at lines 2--4
\JY1/mc/m/n/10 図
 []


Overfull \hbox (9.62216pt too wide) in paragraph at lines 2--4
\JY1/mc/m/n/10 の
 []


Overfull \hbox (9.62216pt too wide) in paragraph at lines 2--4
\JY1/mc/m/n/10 貼
 []


Overfull \hbox (9.62216pt too wide) in paragraph at lines 2--4
\JY1/mc/m/n/10 り
 []


Overfull \hbox (9.62216pt too wide) in paragraph at lines 2--4
\JY1/mc/m/n/10 方 
 []


! LaTeX Error: Missing \begin{document}.

See the LaTeX manual or LaTeX Compani
on for explanation.
Type  H <return>  for immediate help.
 ...                                              
                                                  
l.5 挿
      入する図は、epsファイルで作成する。任意のページからリファレンス可能（...
You're in trouble here.  Try typing  <return>  to proceed.
If that doesn't work, type  X <return>  to quit.

LaTeX Font Info:    Font shape `JT1/mc/bx/n' in size <10> not available
(Font)              Font shape `JT1/gt/m/n' tried instead on input line 5.
LaTeX Font Info:    Font shape `JY1/mc/bx/n' in size <10> not available
(Font)              Font shape `JY1/gt/m/n' tried instead on input line 5.
! Undefined control sequence.
<write> ...ing: Reference `fig1' on page \thepage 
                                                  \space undefined\on@line .^^J
l.5 ...のページからリファレンス可能（図\ref{fig1}
                                                 ）です。
The control sequence at the end of the top line
of your error message was never \def'ed. If you have
misspelled it (e.g., `\hobx'), type `I' and the correct
spelling (e.g., `I\hbox'). Otherwise just continue,
and I'll forget about whatever was undefined.


LaTeX Warning: Reference `fig1' on page  undefined on input line 5.


Overfull \hbox (29.62216pt too wide) in paragraph at lines 5--6
[][]\JY1/mc/m/n/10 挿
 []


Overfull \hbox (9.62216pt too wide) in paragraph at lines 5--6
\JY1/mc/m/n/10 入
 []


Overfull \hbox (9.62216pt too wide) in paragraph at lines 5--6
\JY1/mc/m/n/10 す
 []


Overfull \hbox (9.62216pt too wide) in paragraph at lines 5--6
\JY1/mc/m/n/10 る
 []


Overfull \hbox (9.62216pt too wide) in paragraph at lines 5--6
\JY1/mc/m/n/10 図
 []


Overfull \hbox (14.1623pt too wide) in paragraph at lines 5--6
\JY1/mc/m/n/10 は 、
 []


Overfull \hbox (13.94446pt too wide) in paragraph at lines 5--6
\OT1/cmr/m/n/10 eps
 []


Overfull \hbox (9.62216pt too wide) in paragraph at lines 5--6
\JY1/mc/m/n/10 フ
 []


Overfull \hbox (7.47433pt too wide) in paragraph at lines 5--6
\JY1/mc/m/n/10 ァ
 []


Overfull \hbox (9.62216pt too wide) in paragraph at lines 5--6
\JY1/mc/m/n/10 イ
 []


Overfull \hbox (9.62216pt too wide) in paragraph at lines 5--6
\JY1/mc/m/n/10 ル
 []


Overfull \hbox (9.62216pt too wide) in paragraph at lines 5--6
\JY1/mc/m/n/10 で
 []


Overfull \hbox (9.62216pt too wide) in paragraph at lines 5--6
\JY1/mc/m/n/10 作
 []


Overfull \hbox (9.62216pt too wide) in paragraph at lines 5--6
\JY1/mc/m/n/10 成
 []


Overfull \hbox (9.62216pt too wide) in paragraph at lines 5--6
\JY1/mc/m/n/10 す
 []


Overfull \hbox (14.1623pt too wide) in paragraph at lines 5--6
\JY1/mc/m/n/10 る 。
 []


Overfull \hbox (9.62216pt too wide) in paragraph at lines 5--6
\JY1/mc/m/n/10 任
 []


Overfull \hbox (9.62216pt too wide) in paragraph at lines 5--6
\JY1/mc/m/n/10 意
 []


Overfull \hbox (9.62216pt too wide) in paragraph at lines 5--6
\JY1/mc/m/n/10 の
 []


Overfull \hbox (18.74432pt too wide) in paragraph at lines 5--6
\JY1/mc/m/n/10 ペ ー
 []


Overfull \hbox (9.62216pt too wide) in paragraph at lines 5--6
\JY1/mc/m/n/10 ジ
 []


Overfull \hbox (9.62216pt too wide) in paragraph at lines 5--6
\JY1/mc/m/n/10 か
 []


Overfull \hbox (9.62216pt too wide) in paragraph at lines 5--6
\JY1/mc/m/n/10 ら
 []


Overfull \hbox (9.62216pt too wide) in paragraph at lines 5--6
\JY1/mc/m/n/10 リ
 []


Overfull \hbox (9.62216pt too wide) in paragraph at lines 5--6
\JY1/mc/m/n/10 フ
 []


Overfull \hbox (7.47433pt too wide) in paragraph at lines 5--6
\JY1/mc/m/n/10 ァ
 []


Overfull \hbox (9.62216pt too wide) in paragraph at lines 5--6
\JY1/mc/m/n/10 レ
 []


Overfull \hbox (9.62216pt too wide) in paragraph at lines 5--6
\JY1/mc/m/n/10 ン
 []


Overfull \hbox (9.62216pt too wide) in paragraph at lines 5--6
\JY1/mc/m/n/10 ス
 []


Overfull \hbox (9.62216pt too wide) in paragraph at lines 5--6
\JY1/mc/m/n/10 可
 []


Overfull \hbox (9.62216pt too wide) in paragraph at lines 5--6
\JY1/mc/m/n/10 能
 []


Overfull \hbox (14.1623pt too wide) in paragraph at lines 5--6
\JY1/mc/m/n/10 （ 図
 []


Overfull \hbox (15.90118pt too wide) in paragraph at lines 5--6
[]\JY1/mc/m/n/10 ）
 []


Overfull \hbox (9.62216pt too wide) in paragraph at lines 5--6
\JY1/mc/m/n/10 で
 []


Overfull \hbox (14.18115pt too wide) in paragraph at lines 5--6
\JY1/mc/m/n/10 す。 
 []


! LaTeX Error: Environment figure undefined.

See the LaTeX manual or LaTeX Com
panion for explanation.
Type  H <return>  for immediate help.
 ...                                              
                                                  
l.7 \begin{figure}
                  [ht]
Your command was ignored.
Type  I <command> <return>  to replace it with another command,
or  <return>  to continue without it.


! LaTeX Error: Missing \begin{document}.

See the LaTeX manual or LaTeX Compani
on for explanation.
Type  H <return>  for immediate help.
 ...                                              
                                                  
l.7 \begin{figure}[
                   ht]
You're in trouble here.  Try typing  <return>  to proceed.
If that doesn't work, type  X <return>  to quit.


Overfull \hbox (34.72226pt too wide) in paragraph at lines 7--8
[][]\OT1/cmr/m/n/10 [ht] 
 []

! Undefined control sequence.
l.9 \epsfile
            {file=fig/sec3/sample.eps,width=100mm}
The control sequence at the end of the top line
of your error message was never \def'ed. If you have
misspelled it (e.g., `\hobx'), type `I' and the correct
spelling (e.g., `I\hbox'). Otherwise just continue,
and I'll forget about whatever was undefined.


! LaTeX Error: \caption outside float.

See the LaTeX manual or LaTeX Companion
 for explanation.
Type  H <return>  for immediate help.
 ...                                              
                                                  
l.10 \caption
             {図のサンプル}
You're in trouble here.  Try typing  <return>  to proceed.
If that doesn't work, type  X <return>  to quit.


Overfull \hbox (172.94484pt too wide) in paragraph at lines 9--12
 []\OT1/cmr/m/n/10 file=fig/sec3/sample.eps,width=100mm 
 []


Overfull \hbox (9.62216pt too wide) in paragraph at lines 9--12
 \JY1/mc/m/n/10 図 
 []


Overfull \hbox (9.62216pt too wide) in paragraph at lines 9--12
 \JY1/mc/m/n/10 の 
 []


Overfull \hbox (9.62216pt too wide) in paragraph at lines 9--12
 \JY1/mc/m/n/10 サ 
 []


Overfull \hbox (9.62216pt too wide) in paragraph at lines 9--12
 \JY1/mc/m/n/10 ン 
 []


Overfull \hbox (9.62216pt too wide) in paragraph at lines 9--12
 \JY1/mc/m/n/10 プ 
 []


Overfull \hbox (9.62216pt too wide) in paragraph at lines 9--12
 \JY1/mc/m/n/10 ル[] 
 []


! LaTeX Error: \begin{document} ended by \end{figure}.

See the LaTeX manual or
 LaTeX Companion for explanation.
Type  H <return>  for immediate help.
 ...                                              
                                                  
l.13 \end{figure}
                 
Your command was ignored.
Type  I <command> <return>  to replace it with another command,
or  <return>  to continue without it.


Overfull \hbox (29.62216pt too wide) in paragraph at lines 15--16
[][]\JY1/mc/m/n/10 ま
 []


Overfull \hbox (14.1623pt too wide) in paragraph at lines 15--16
\JY1/mc/m/n/10 た 、
 []


Overfull \hbox (9.62216pt too wide) in paragraph at lines 15--16
\JY1/mc/m/n/10 部
 []


Overfull \hbox (9.62216pt too wide) in paragraph at lines 15--16
\JY1/mc/m/n/10 分
 []


Overfull \hbox (9.62216pt too wide) in paragraph at lines 15--16
\JY1/mc/m/n/10 的
 []


Overfull \hbox (9.62216pt too wide) in paragraph at lines 15--16
\JY1/mc/m/n/10 に
 []


Overfull \hbox (9.62216pt too wide) in paragraph at lines 15--16
\JY1/mc/m/n/10 ２
 []


Overfull \hbox (9.62216pt too wide) in paragraph at lines 15--16
\JY1/mc/m/n/10 段
 []


Overfull \hbox (9.62216pt too wide) in paragraph at lines 15--16
\JY1/mc/m/n/10 組
 []


Overfull \hbox (9.62216pt too wide) in paragraph at lines 15--16
\JY1/mc/m/n/10 に
 []


Overfull \hbox (9.62216pt too wide) in paragraph at lines 15--16
\JY1/mc/m/n/10 し
 []


Overfull \hbox (9.62216pt too wide) in paragraph at lines 15--16
\JY1/mc/m/n/10 て
 []


Overfull \hbox (9.62216pt too wide) in paragraph at lines 15--16
\JY1/mc/m/n/10 挿
 []


Overfull \hbox (9.62216pt too wide) in paragraph at lines 15--16
\JY1/mc/m/n/10 入
 []


Overfull \hbox (9.62216pt too wide) in paragraph at lines 15--16
\JY1/mc/m/n/10 す
 []


Overfull \hbox (9.62216pt too wide) in paragraph at lines 15--16
\JY1/mc/m/n/10 る
 []


Overfull \hbox (9.62216pt too wide) in paragraph at lines 15--16
\JY1/mc/m/n/10 場
 []


Overfull \hbox (9.62216pt too wide) in paragraph at lines 15--16
\JY1/mc/m/n/10 合
 []


Overfull \hbox (14.1623pt too wide) in paragraph at lines 15--16
\JY1/mc/m/n/10 は 、
 []


Overfull \hbox (62.1217pt too wide) in paragraph at lines 15--16
\OT1/cmtt/m/n/10 \minipage \JY1/mc/m/n/10 環
 []


Overfull \hbox (9.62216pt too wide) in paragraph at lines 15--16
\JY1/mc/m/n/10 境
 []


Overfull \hbox (9.62216pt too wide) in paragraph at lines 15--16
\JY1/mc/m/n/10 を
 []


Overfull \hbox (9.62216pt too wide) in paragraph at lines 15--16
\JY1/mc/m/n/10 使
 []


Overfull \hbox (9.62216pt too wide) in paragraph at lines 15--16
\JY1/mc/m/n/10 い
 []


Overfull \hbox (9.62216pt too wide) in paragraph at lines 15--16
\JY1/mc/m/n/10 ま
 []


Overfull \hbox (14.18115pt too wide) in paragraph at lines 15--16
\JY1/mc/m/n/10 す。
 []


Overfull \hbox (9.62216pt too wide) in paragraph at lines 15--16
\JY1/mc/m/n/10 こ
 []


Overfull \hbox (9.62216pt too wide) in paragraph at lines 15--16
\JY1/mc/m/n/10 の
 []


Overfull \hbox (9.62216pt too wide) in paragraph at lines 15--16
\JY1/mc/m/n/10 と
 []


Overfull \hbox (14.1623pt too wide) in paragraph at lines 15--16
\JY1/mc/m/n/10 き 、
 []


Overfull \hbox (51.6218pt too wide) in paragraph at lines 15--16
\OT1/cmtt/m/n/10 \figure \JY1/mc/m/n/10 環
 []


Overfull \hbox (9.62216pt too wide) in paragraph at lines 15--16
\JY1/mc/m/n/10 境
 []


Overfull \hbox (9.62216pt too wide) in paragraph at lines 15--16
\JY1/mc/m/n/10 の
 []


Overfull \hbox (9.62216pt too wide) in paragraph at lines 15--16
\JY1/mc/m/n/10 中
 []


Overfull \hbox (9.62216pt too wide) in paragraph at lines 15--16
\JY1/mc/m/n/10 に
 []


Overfull \hbox (62.1217pt too wide) in paragraph at lines 15--16
\OT1/cmtt/m/n/10 \minipage \JY1/mc/m/n/10 環
 []


Overfull \hbox (9.62216pt too wide) in paragraph at lines 15--16
\JY1/mc/m/n/10 境
 []


Overfull \hbox (9.62216pt too wide) in paragraph at lines 15--16
\JY1/mc/m/n/10 を
 []


Overfull \hbox (9.62216pt too wide) in paragraph at lines 15--16
\JY1/mc/m/n/10 入
 []


Overfull \hbox (9.62216pt too wide) in paragraph at lines 15--16
\JY1/mc/m/n/10 れ
 []


Overfull \hbox (9.62216pt too wide) in paragraph at lines 15--16
\JY1/mc/m/n/10 る
 []


Overfull \hbox (9.62216pt too wide) in paragraph at lines 15--16
\JY1/mc/m/n/10 よ
 []


Overfull \hbox (9.62216pt too wide) in paragraph at lines 15--16
\JY1/mc/m/n/10 う
 []


Overfull \hbox (9.62216pt too wide) in paragraph at lines 15--16
\JY1/mc/m/n/10 に
 []


Overfull \hbox (9.62216pt too wide) in paragraph at lines 15--16
\JY1/mc/m/n/10 す
 []


Overfull \hbox (9.62216pt too wide) in paragraph at lines 15--16
\JY1/mc/m/n/10 る
 []


Overfull \hbox (9.62216pt too wide) in paragraph at lines 15--16
\JY1/mc/m/n/10 必
 []


Overfull \hbox (9.62216pt too wide) in paragraph at lines 15--16
\JY1/mc/m/n/10 要
 []


Overfull \hbox (9.62216pt too wide) in paragraph at lines 15--16
\JY1/mc/m/n/10 が
 []


Overfull \hbox (9.62216pt too wide) in paragraph at lines 15--16
\JY1/mc/m/n/10 あ
 []


Overfull \hbox (9.62216pt too wide) in paragraph at lines 15--16
\JY1/mc/m/n/10 り
 []


Overfull \hbox (9.62216pt too wide) in paragraph at lines 15--16
\JY1/mc/m/n/10 ま
 []


Overfull \hbox (14.18115pt too wide) in paragraph at lines 15--16
\JY1/mc/m/n/10 す。 
 []


Underfull \vbox (badness 1436) has occurred while \output is active []



! LaTeX Error: The font size command \normalsize is not defined:
              
 there is probably something wrong with the class file.

See the LaTeX manual o
r LaTeX Companion for explanation.
Type  H <return>  for immediate help.
 ...                                              
                                                  
l.16 
     
Your command was ignored.
Type  I <command> <return>  to replace it with another command,
or  <return>  to continue without it.

[1
! Undefined control sequence.
<write> \newlabel{fig1}{{}{\thepage 
                                    }}
l.16 
     
The control sequence at the end of the top line
of your error message was never \def'ed. If you have
misspelled it (e.g., `\hobx'), type `I' and the correct
spelling (e.g., `I\hbox'). Otherwise just continue,
and I'll forget about whatever was undefined.

\newlabel{fig1}{{}{}}
]

! LaTeX Error: Environment figure undefined.

See the LaTeX manual or LaTeX Com
panion for explanation.
Type  H <return>  for immediate help.
 ...                                              
                                                  
l.17 \begin{figure}
                   [ht]
Your command was ignored.
Type  I <command> <return>  to replace it with another command,
or  <return>  to continue without it.


Overfull \hbox (34.72226pt too wide) in paragraph at lines 17--18
[][]\OT1/cmr/m/n/10 [ht] 
 []

LaTeX Font Info:    External font `cmex10' loaded for size
(Font)              <7> on input line 24.
LaTeX Font Info:    External font `cmex10' loaded for size
(Font)              <5> on input line 24.
! Undefined control sequence.
l.28 \epsfile
             {file=fig/sec3/sample.eps,width=70mm}
The control sequence at the end of the top line
of your error message was never \def'ed. If you have
misspelled it (e.g., `\hobx'), type `I' and the correct
spelling (e.g., `I\hbox'). Otherwise just continue,
and I'll forget about whatever was undefined.


! LaTeX Error: \caption outside float.

See the LaTeX manual or LaTeX Companion
 for explanation.
Type  H <return>  for immediate help.
 ...                                              
                                                  
l.29 \caption
             {２段組で図の挿入}
You're in trouble here.  Try typing  <return>  to proceed.
If that doesn't work, type  X <return>  to quit.


Overfull \hbox (190.71652pt too wide) in paragraph at lines 19--34
[][]$[]$
 []


Overfull \hbox (256.0748pt too wide) in paragraph at lines 19--34
[]$ 
 []


! LaTeX Error: \begin{document} ended by \end{figure}.

See the LaTeX manual or
 LaTeX Companion for explanation.
Type  H <return>  for immediate help.
 ...                                              
                                                  
l.35 \end{figure}
                 
Your command was ignored.
Type  I <command> <return>  to replace it with another command,
or  <return>  to continue without it.

)
! Emergency stop.
<*> Souti.tex
             
*** (job aborted, no legal \end found)

 
Here is how much of TeX's memory you used:
 17 strings out of 95555
 167 string characters out of 1191355
 49015 words of memory out of 1500000
 3252 multiletter control sequences out of 10000+50000
 7987 words of font info for 33 fonts, out of 600000 for 2000
 14 hyphenation exceptions out of 2000
 20i,4n,18p,197b,233s stack positions out of 1500i,500n,5000p,200000b,5000s
Output written on Souti.dvi (1 page, 1172 bytes).
