This is e-pTeX, Version 3.14159265-p3.7-160201-2.6 (utf8.euc) (TeX Live 2016) (preloaded format=platex 2016.10.20)  3 FEB 2021 23:39
entering extended mode
 restricted \write18 enabled.
 file:line:error style messages enabled.
 %&-line parsing enabled.
**thesis.tex
(./thesis.tex
pLaTeX2e <2016/05/07> (based on LaTeX2e <2016/03/31>)
Babel <3.9r> and hyphenation patterns for 83 language(s) loaded.
(/usr/local/texlive/2016/texmf-dist/tex/latex/base/article.cls
Document Class: article 2014/09/29 v1.4h Standard LaTeX document class
(/usr/local/texlive/2016/texmf-dist/tex/latex/base/size12.clo
File: size12.clo 2014/09/29 v1.4h Standard LaTeX file (size option)
)
\c@part=\count81
\c@section=\count82
\c@subsection=\count83
\c@subsubsection=\count84
\c@paragraph=\count85
\c@subparagraph=\count86
\c@figure=\count87
\c@table=\count88
\abovecaptionskip=\skip41
\belowcaptionskip=\skip42
\bibindent=\dimen118
)
(/usr/local/texlive/2016/texmf-dist/tex/latex/geometry/geometry.sty
Package: geometry 2010/09/12 v5.6 Page Geometry

(/usr/local/texlive/2016/texmf-dist/tex/latex/graphics/keyval.sty
Package: keyval 2014/10/28 v1.15 key=value parser (DPC)
\KV@toks@=\toks15
)
(/usr/local/texlive/2016/texmf-dist/tex/generic/oberdiek/ifpdf.sty
Package: ifpdf 2016/05/14 v3.1 Provides the ifpdf switch
)
(/usr/local/texlive/2016/texmf-dist/tex/generic/oberdiek/ifvtex.sty
Package: ifvtex 2016/05/16 v1.6 Detect VTeX and its facilities (HO)
Package ifvtex Info: VTeX not detected.
)
(/usr/local/texlive/2016/texmf-dist/tex/generic/ifxetex/ifxetex.sty
Package: ifxetex 2010/09/12 v0.6 Provides ifxetex conditional
)
\Gm@cnth=\count89
\Gm@cntv=\count90
\c@Gm@tempcnt=\count91
\Gm@bindingoffset=\dimen119
\Gm@wd@mp=\dimen120
\Gm@odd@mp=\dimen121
\Gm@even@mp=\dimen122
\Gm@layoutwidth=\dimen123
\Gm@layoutheight=\dimen124
\Gm@layouthoffset=\dimen125
\Gm@layoutvoffset=\dimen126
\Gm@dimlist=\toks16
)
(/usr/local/texlive/2016/texmf-dist/tex/latex/amsmath/amsmath.sty
Package: amsmath 2016/03/10 v2.15b AMS math features
\@mathmargin=\skip43

For additional information on amsmath, use the `?' option.
(/usr/local/texlive/2016/texmf-dist/tex/latex/amsmath/amstext.sty
Package: amstext 2000/06/29 v2.01 AMS text

(/usr/local/texlive/2016/texmf-dist/tex/latex/amsmath/amsgen.sty
File: amsgen.sty 1999/11/30 v2.0 generic functions
\@emptytoks=\toks17
\ex@=\dimen127
))
(/usr/local/texlive/2016/texmf-dist/tex/latex/amsmath/amsbsy.sty
Package: amsbsy 1999/11/29 v1.2d Bold Symbols
\pmbraise@=\dimen128
)
(/usr/local/texlive/2016/texmf-dist/tex/latex/amsmath/amsopn.sty
Package: amsopn 2016/03/08 v2.02 operator names
)
\inf@bad=\count92
LaTeX Info: Redefining \frac on input line 199.
\uproot@=\count93
\leftroot@=\count94
LaTeX Info: Redefining \overline on input line 297.
\classnum@=\count95
\DOTSCASE@=\count96
LaTeX Info: Redefining \ldots on input line 394.
LaTeX Info: Redefining \dots on input line 397.
LaTeX Info: Redefining \cdots on input line 518.
\Mathstrutbox@=\box41
\strutbox@=\box42
\big@size=\dimen129
LaTeX Font Info:    Redeclaring font encoding OML on input line 634.
LaTeX Font Info:    Redeclaring font encoding OMS on input line 635.
\macc@depth=\count97
\c@MaxMatrixCols=\count98
\dotsspace@=\muskip10
\c@parentequation=\count99
\dspbrk@lvl=\count100
\tag@help=\toks18
\row@=\count101
\column@=\count102
\maxfields@=\count103
\andhelp@=\toks19
\eqnshift@=\dimen130
\alignsep@=\dimen131
\tagshift@=\dimen132
\tagwidth@=\dimen133
\totwidth@=\dimen134
\lineht@=\dimen135
\@envbody=\toks20
\multlinegap=\skip44
\multlinetaggap=\skip45
\mathdisplay@stack=\toks21
LaTeX Info: Redefining \[ on input line 2739.
LaTeX Info: Redefining \] on input line 2740.
)
(/usr/local/texlive/2016/texmf-dist/tex/latex/amsfonts/amssymb.sty
Package: amssymb 2013/01/14 v3.01 AMS font symbols

(/usr/local/texlive/2016/texmf-dist/tex/latex/amsfonts/amsfonts.sty
Package: amsfonts 2013/01/14 v3.01 Basic AMSFonts support
\symAMSa=\mathgroup4
\symAMSb=\mathgroup5
LaTeX Font Info:    Overwriting math alphabet `\mathfrak' in version `bold'
(Font)                  U/euf/m/n --> U/euf/b/n on input line 106.
))
(/usr/local/texlive/2016/texmf-dist/tex/latex/here/here.sty)
(/usr/local/texlive/2016/texmf-dist/tex/latex/float/float.sty
Package: float 2001/11/08 v1.3d Float enhancements (AL)
\c@float@type=\count104
\float@exts=\toks22
\float@box=\box43
\@float@everytoks=\toks23
\@floatcapt=\box44
)
(/usr/local/texlive/2016/texmf-dist/tex/latex/tools/bm.sty
Package: bm 2016/02/27 v1.2a Bold Symbol Support (DPC/FMi)
\symboldoperators=\mathgroup6
\symboldletters=\mathgroup7
\symboldsymbols=\mathgroup8
LaTeX Font Info:    Redeclaring math alphabet \mathbf on input line 142.
LaTeX Info: Redefining \bm on input line 208.
)
(/usr/local/texlive/2016/texmf-dist/tex/latex/graphics/graphicx.sty
Package: graphicx 2014/10/28 v1.0g Enhanced LaTeX Graphics (DPC,SPQR)

(/usr/local/texlive/2016/texmf-dist/tex/latex/graphics/graphics.sty
Package: graphics 2016/05/09 v1.0r Standard LaTeX Graphics (DPC,SPQR)

(/usr/local/texlive/2016/texmf-dist/tex/latex/graphics/trig.sty
Package: trig 2016/01/03 v1.10 sin cos tan (DPC)
)
(/usr/local/texlive/2016/texmf-dist/tex/latex/graphics-cfg/graphics.cfg
File: graphics.cfg 2016/01/02 v1.10 sample graphics configuration
)
Package graphics Info: Driver file: dvipdfmx.def on input line 96.

(/usr/local/texlive/2016/texmf-dist/tex/latex/dvipdfmx-def/dvipdfmx.def
File: dvipdfmx.def 2016/04/06 v4.08 LaTeX color/graphics driver for dvipdfmx (T
eX Live/ChoF)

(/usr/local/texlive/2016/texmf-dist/tex/generic/oberdiek/infwarerr.sty
Package: infwarerr 2016/05/16 v1.4 Providing info/warning/error messages (HO)
)
(/usr/local/texlive/2016/texmf-dist/tex/generic/oberdiek/ltxcmds.sty
Package: ltxcmds 2016/05/16 v1.23 LaTeX kernel commands for general use (HO)
)))
\Gin@req@height=\dimen136
\Gin@req@width=\dimen137
)
(/usr/local/texlive/2016/texmf-dist/tex/latex/graphics/color.sty
Package: color 2016/05/09 v1.1c Standard LaTeX Color (DPC)

(/usr/local/texlive/2016/texmf-dist/tex/latex/graphics-cfg/color.cfg
File: color.cfg 2016/01/02 v1.6 sample color configuration
)
Package color Info: Driver file: dvipdfmx.def on input line 144.

(/usr/local/texlive/2016/texmf-dist/tex/latex/graphics/dvipsnam.def
File: dvipsnam.def 2015/12/30 v3.0k Driver-dependent file (DPC,SPQR)
))
(/usr/local/texlive/2016/texmf-dist/tex/latex/pdfpages/pdfpages.sty
Package: pdfpages 2016/04/19 v0.5f Insert pages of external PDF documents (AM)

(/usr/local/texlive/2016/texmf-dist/tex/latex/base/ifthen.sty
Package: ifthen 2014/09/29 v1.1c Standard LaTeX ifthen package (DPC)
)
(/usr/local/texlive/2016/texmf-dist/tex/latex/tools/calc.sty
Package: calc 2014/10/28 v4.3 Infix arithmetic (KKT,FJ)
\calc@Acount=\count105
\calc@Bcount=\count106
\calc@Adimen=\dimen138
\calc@Bdimen=\dimen139
\calc@Askip=\skip46
\calc@Bskip=\skip47
LaTeX Info: Redefining \setlength on input line 80.
LaTeX Info: Redefining \addtolength on input line 81.
\calc@Ccount=\count107
\calc@Cskip=\skip48
)
(/usr/local/texlive/2016/texmf-dist/tex/latex/eso-pic/eso-pic.sty
Package: eso-pic 2015/07/21 v2.0g eso-pic (RN)

(/usr/local/texlive/2016/texmf-dist/tex/generic/oberdiek/atbegshi.sty
Package: atbegshi 2016/05/16 v1.17 At begin shipout hook (HO)
))
\AM@pagewidth=\dimen140
\AM@pageheight=\dimen141

(/usr/local/texlive/2016/texmf-dist/tex/latex/pdfpages/ppdvipdfmx.def
File: ppdvipdfmx.def 2016/04/19 v0.5f Pdfpages driver for dvipdfmx (AM)
)
\AM@pagebox=\box45
\AM@global@opts=\toks24
\AM@toc@title=\toks25
\c@AM@survey=\count108
\AM@templatesizebox=\box46
)
(./thesis.aux

LaTeX Warning: Label `fig:optimizedCoilConstruction' multiply defined.


LaTeX Warning: Label `fig:FMDistribution' multiply defined.


LaTeX Warning: Label `2_1' multiply defined.

)
\openout1 = `thesis.aux'.

LaTeX Font Info:    Checking defaults for OML/cmm/m/it on input line 23.
LaTeX Font Info:    ... okay on input line 23.
LaTeX Font Info:    Checking defaults for T1/cmr/m/n on input line 23.
LaTeX Font Info:    ... okay on input line 23.
LaTeX Font Info:    Checking defaults for OT1/cmr/m/n on input line 23.
LaTeX Font Info:    ... okay on input line 23.
LaTeX Font Info:    Checking defaults for OMS/cmsy/m/n on input line 23.
LaTeX Font Info:    ... okay on input line 23.
LaTeX Font Info:    Checking defaults for OMX/cmex/m/n on input line 23.
LaTeX Font Info:    ... okay on input line 23.
LaTeX Font Info:    Checking defaults for U/cmr/m/n on input line 23.
LaTeX Font Info:    ... okay on input line 23.
LaTeX Font Info:    Checking defaults for JY1/mc/m/n on input line 23.
LaTeX Font Info:    ... okay on input line 23.
LaTeX Font Info:    Checking defaults for JT1/mc/m/n on input line 23.
LaTeX Font Info:    ... okay on input line 23.

*geometry* driver: auto-detecting
*geometry* detected driver: dvips
*geometry* verbose mode - [ preamble ] result:
* driver: dvips
* paper: <default>
* layout: <same size as paper>
* layoutoffset:(h,v)=(0.0pt,0.0pt)
* modes: 
* h-part:(L,W,R)=(45.5244pt, 523.2462pt, 45.5244pt)
* v-part:(T,H,B)=(73.97716pt, 652.70622pt, 68.2866pt)
* \paperwidth=614.295pt
* \paperheight=794.96999pt
* \textwidth=523.2462pt
* \textheight=652.70622pt
* \oddsidemargin=-26.74559pt
* \evensidemargin=-26.74559pt
* \topmargin=-35.29283pt
* \headheight=12.0pt
* \headsep=25.0pt
* \topskip=12.0pt
* \footskip=30.0pt
* \marginparwidth=44.0pt
* \marginparsep=10.0pt
* \columnsep=10.0pt
* \skip\footins=10.8pt plus 4.0pt minus 2.0pt
* \hoffset=0.0pt
* \voffset=0.0pt
* \mag=1000
* \@twocolumnfalse
* \@twosidefalse
* \@mparswitchfalse
* \@reversemarginfalse
* (1in=72.27pt=25.4mm, 1cm=28.453pt)

\AtBeginShipoutBox=\box47
(/usr/local/texlive/2016/texmf-dist/tex/latex/oberdiek/pdflscape.sty
Package: pdflscape 2016/05/14 v0.11 Display of landscape pages in PDF (HO)

(/usr/local/texlive/2016/texmf-dist/tex/latex/graphics/lscape.sty
Package: lscape 2000/10/22 v3.01 Landscape Pages (DPC)
))
File: ./tohokuTitlePage.pdf Graphic file (type pdf)

<./tohokuTitlePage.pdf>
File: ./tohokuTitlePage.pdf Graphic file (type pdf)
 <./tohokuTitlePage.pdf>
File: ./tohokuTitlePage.pdf Graphic file (type pdf)
 <./tohokuTitlePage.pdf>
File: ./tohokuTitlePage.pdf Graphic file (type pdf)

<./tohokuTitlePage.pdf>
File: ./tohokuTitlePage.pdf Graphic file (type pdf)
 <./tohokuTitlePage.pdf> [1

] (./titlepage/biography.tex
LaTeX Font Info:    Try loading font information for U+msa on input line 5.

(/usr/local/texlive/2016/texmf-dist/tex/latex/amsfonts/umsa.fd
File: umsa.fd 2013/01/14 v3.01 AMS symbols A
)
LaTeX Font Info:    Try loading font information for U+msb on input line 5.

(/usr/local/texlive/2016/texmf-dist/tex/latex/amsfonts/umsb.fd
File: umsb.fd 2013/01/14 v3.01 AMS symbols B
)
Overfull \hbox (1.39728pt too wide) in paragraph at lines 5--22
 [][][][] 
 []

[1])
LaTeX Font Info:    Font shape `JT1/mc/bx/n' in size <17.28> not available
(Font)              Font shape `JT1/gt/m/n' tried instead on input line 32.
LaTeX Font Info:    Font shape `JY1/mc/bx/n' in size <17.28> not available
(Font)              Font shape `JY1/gt/m/n' tried instead on input line 32.
 (./thesis.toc
LaTeX Font Info:    Font shape `JT1/mc/bx/n' in size <12> not available
(Font)              Font shape `JT1/gt/m/n' tried instead on input line 1.
LaTeX Font Info:    Font shape `JY1/mc/bx/n' in size <12> not available
(Font)              Font shape `JY1/gt/m/n' tried instead on input line 1.
 [1])
\tf@toc=\write3
\openout3 = `thesis.toc'.

 [2] (./section1Introduction/Introduction.tex
LaTeX Font Info:    Font shape `JT1/mc/bx/n' in size <14.4> not available
(Font)              Font shape `JT1/gt/m/n' tried instead on input line 2.
LaTeX Font Info:    Font shape `JY1/mc/bx/n' in size <14.4> not available
(Font)              Font shape `JY1/gt/m/n' tried instead on input line 2.
File: ./section1Introduction/solar.png Graphic file (type bmp)

<./section1Introduction/solar.png> [3]
File: ./section1Introduction/cloak.png Graphic file (type bmp)
 <./section1Introduction/cloak.png>
[4] [5]
File: ./section1Introduction/SR2SwithoutShielding.png Graphic file (type bmp)
 <./section1Introduction/SR2SwithoutShielding.png> [6] [7]
File: ./section1Introduction/FM.pdf Graphic file (type pdf)

<./section1Introduction/FM.pdf> [8] [9] [10] [11] [12]
Missing character: There is no ^^e2 in font cmr12!
Missing character: There is no ^^80 in font cmr12!
Missing character: There is no ^^93 in font cmr12!
Missing character: There is no ^^c3 in font cmr12!
Missing character: There is no ^^b6 in font cmr12!
Missing character: There is no ^^c3 in font cmr12!
Missing character: There is no ^^b6 in font cmr12!
Missing character: There is no ^^c3 in font cmr12!
Missing character: There is no ^^b9 in font cmr12!
) [13]
Overfull \hbox (3.32149pt too wide) in paragraph at lines 42--42
[]\OT1/cmr/bx/n/17.28 Proposal: Electromagnetic-Induction Type Mag-netic Cloak
 []

(./section2Proposal/Proposal.tex [14]
File: ./section2Proposal/mercury.pdf Graphic file (type pdf)
 <./section2Proposal/mercury.pdf>
Overfull \hbox (45.80891pt too wide) in paragraph at lines 19--20
[][] 
 []

File: ./section2Proposal/H-T.pdf Graphic file (type pdf)
<./section2Proposal/H-T.pdf> [15] [16]
File: ./section2Proposal/perfectConductivity.png Graphic file (type bmp)

<./section2Proposal/perfectConductivity.png>
Overfull \hbox (3.12978pt too wide) in paragraph at lines 59--60
[][] 
 []

[17] [18]
File: ./section2Proposal/meissner.png Graphic file (type bmp)
 <./section2Proposal/meissner.png>
Overfull \hbox (3.12978pt too wide) in paragraph at lines 104--105
[][] 
 []

[19] [20]
Missing character: There is no ^^c3 in font cmr12!
Missing character: There is no ^^bc in font cmr12!
File: ./section2Proposal/HTSs.png Graphic file (type bmp)
 <./section2Proposal/HTSs.png>
Overfull \hbox (3.12978pt too wide) in paragraph at lines 144--145
[][] 
 []

[21]
File: ./section2Proposal/Y.png Graphic file (type bmp)
 <./section2Proposal/Y.png>
Overfull \hbox (3.12978pt too wide) in paragraph at lines 161--162
[][] 
 []

[22] [23]
File: ./section2Proposal/3TCoil.JPEG Graphic file (type bmp)
 <./section2Proposal/3TCoil.JPEG>
Overfull \hbox (3.12978pt too wide) in paragraph at lines 202--203
[][] 
 []

[24] [25] [26]
Missing character: There is no ^^e2 in font cmr12!
Missing character: There is no ^^80 in font cmr12!
Missing character: There is no ^^93 in font cmr12!
File: ./section2Proposal/magnetMaterials.png Graphic file (type bmp)
 <./section2Proposal/magnetMaterials.png> [27]
File: ./section2Proposal/BandH.JPEG Graphic file (type bmp)

<./section2Proposal/BandH.JPEG> [28]
File: ./section2Proposal/BandHandM.JPEG Graphic file (type bmp)
 <./section2Proposal/BandHandM.JPEG>
[29]
File: ./section2Proposal/cloakSurfaceLine.png Graphic file (type bmp)
 <./section2Proposal/cloakSurfaceLine.png>
File: ./section2Proposal/EMICStructure.png Graphic file (type bmp)

<./section2Proposal/EMICStructure.png> [30]
File: ./section2Proposal/EMIC1.png Graphic file (type bmp)
 <./section2Proposal/EMIC1.png>
File: ./section2Proposal/EMIC2.png Graphic file (type bmp)

<./section2Proposal/EMIC2.png> [31]
File: ./section2Proposal/EMIC3.png Graphic file (type bmp)
 <./section2Proposal/EMIC3.png> [32]
[33]
Missing character: There is no ^^c3 in font cmr12!
Missing character: There is no ^^bc in font cmr12!
Missing character: There is no ^^e2 in font cmr12!
Missing character: There is no ^^80 in font cmr12!
Missing character: There is no ^^93 in font cmr12!
Missing character: There is no ^^e2 in font cmr12!
Missing character: There is no ^^80 in font cmr12!
Missing character: There is no ^^93 in font cmr12!
Missing character: There is no ^^e2 in font cmr12!
Missing character: There is no ^^80 in font cmr12!
Missing character: There is no ^^93 in font cmr12!
Missing character: There is no ^^e2 in font cmr12!
Missing character: There is no ^^80 in font cmr12!
Missing character: There is no ^^93 in font cmr12!
Missing character: There is no ^^e2 in font cmr12!
Missing character: There is no ^^80 in font cmr12!
Missing character: There is no ^^93 in font cmr12!
 [34]
Missing character: There is no ^^c3 in font cmr12!
Missing character: There is no ^^b6 in font cmr12!
Missing character: There is no ^^c3 in font cmr12!
Missing character: There is no ^^b6 in font cmr12!
) [35] (./section3Effectiveness/Effectiveness.tex [36]

LaTeX Warning: Reference `fig:experiment' on page 37 undefined on input line 36
.

File: ./section3Effectiveness/imposedCurrentExample.png Graphic file (type bmp)

<./section3Effectiveness/imposedCurrentExample.png>
File: ./section3Effectiveness/DCTimeSeriesExample.png Graphic file (type bmp)

<./section3Effectiveness/DCTimeSeriesExample.png> [37]
File: ./section3Effectiveness/MLGraph.png Graphic file (type bmp)

<./section3Effectiveness/MLGraph.png>
Overfull \hbox (3.12978pt too wide) in paragraph at lines 57--58
[][] 
 []

[38] [39] [40] [41] [42]
File: ./section3Effectiveness/experimentalEquipments.png Graphic file (type bmp
)
 <./section3Effectiveness/experimentalEquipments.png>
Overfull \hbox (3.12978pt too wide) in paragraph at lines 173--174
[][] 
 []

[43]
File: ./section3Effectiveness/Coil1TimeConstant.png Graphic file (type bmp)
 <./section3Effectiveness/Coil1TimeConstant.png> [44]
File: ./section3Effectiveness/Coil2TimeConstant.png Graphic file (type bmp)

<./section3Effectiveness/Coil2TimeConstant.png> [45] [46] [47] [48]

LaTeX Warning: Reference `fig:experiment' on page 49 undefined on input line 28
4.

[49]
File: ./section3Effectiveness/2CoilsExample.png Graphic file (type bmp)
 <./section3Effectiveness/2CoilsExample.png> [50] [51] [52]

LaTeX Warning: Reference `fig:simulatedShieldingRates3D2' on page 53 undefined 
on input line 393.

File: ./section3Effectiveness/simulatedShieldingRates3D1.JPEG Graphic file (typ
e bmp)
<./section3Effectiveness/simulatedShieldingRates3D1.JPEG>
File: ./section3Effectiveness/simulatedShieldingRates3D2.JPEG Graphic file (typ
e bmp)

<./section3Effectiveness/simulatedShieldingRates3D2.JPEG>
File: ./section3Effectiveness/simulatedShieldingRates2.png Graphic file (type b
mp)

<./section3Effectiveness/simulatedShieldingRates2.png> [53]

LaTeX Warning: Reference `fig:simulatedShieldingRates3D2' on page 54 undefined 
on input line 412.

[54] [55]
File: ./section3Effectiveness/measuredBsSolenoid.png Graphic file (type bmp)
 <./section3Effectiveness/measuredBsSolenoid.png> [56]
File: ./section3Effectiveness/measuredShieldingRatesSolenoid.png Graphic file (
type bmp)

<./section3Effectiveness/measuredShieldingRatesSolenoid.png>

LaTeX Warning: Reference `fig:measuredBSolenoid' on page 57 undefined on input 
line 490.


LaTeX Warning: Reference `fig:measuredBSolenoid' on page 57 undefined on input 
line 490.

[57] [58] [59]
File: ./section3Effectiveness/sinTestAt0.1deg.png Graphic file (type eps)
 <./section3Effectiveness/sinTestAt0.1deg.png>
File: ./section3Effectiveness/sinTestAt14deg.png Graphic file (type bmp)

<./section3Effectiveness/sinTestAt14deg.png> [60] [61] [62]
File: ./section3Effectiveness/plannedFM2Structure.png Graphic file (type bmp)

<./section3Effectiveness/plannedFM2Structure.png> [63] [64]
File: ./section3Effectiveness/distributedCoil.png Graphic file (type bmp)

<./section3Effectiveness/distributedCoil.png> [65]
Overfull \hbox (128.84618pt too wide) in paragraph at lines 653--661
 [][][][] 
 []

[66]
File: ./section3Effectiveness/BnormDistributionInMRICoilWithoutFM.png Graphic f
ile (type bmp)
 <./section3Effectiveness/BnormDistributionInMRICoilWithoutFM.png>
File: ./section3Effectiveness/BnormDistributionInMRICoilWithFM.png Graphic file
 (type bmp)

<./section3Effectiveness/BnormDistributionInMRICoilWithFM.png> [67] [68]
File: ./section3Effectiveness/comparedB.png Graphic file (type bmp)

<./section3Effectiveness/comparedB.png>
File: ./section3Effectiveness/comparedShieldingRate.png Graphic file (type bmp)


<./section3Effectiveness/comparedShieldingRate.png> [69]) [70]
Overfull \hbox (19.68143pt too wide) in paragraph at lines 50--50
[]\OT1/cmr/bx/n/17.28 Optimal Con-struc-tion of the Electromagnetic-Induction T
ype
 []

(./section4Optimal/Optimal.tex [71]
Overfull \hbox (6.9682pt too wide) in paragraph at lines 17--17
[]\OT1/cmr/bx/n/14.4 Optimal Con-struc-tion of the High Tem-per-a-ture Su-per-c
on-duc-tor Wind-
 []

[72]
File: ./section4Optimal/evaluationRegion.png Graphic file (type bmp)
 <./section4Optimal/evaluationRegion.png> [73]

LaTeX Font Warning: Font shape `JT1/mc/m/sl' undefined
(Font)              using `JT1/mc/m/n' instead on input line 87.


LaTeX Font Warning: Font shape `JY1/mc/m/sl' undefined
(Font)              using `JY1/mc/m/n' instead on input line 87.

File: ./section4Optimal/solenoidCoilDistribution.png Graphic file (type bmp)
<./section4Optimal/solenoidCoilDistribution.png> [74]
File: ./section4Optimal/exampleShrinkedCoil.png Graphic file (type bmp)

<./section4Optimal/exampleShrinkedCoil.png>
File: ./section4Optimal/geneticFlow.png Graphic file (type bmp)

<./section4Optimal/geneticFlow.png> [75] [76]
File: ./section4Optimal/averageLosses.png Graphic file (type bmp)

<./section4Optimal/averageLosses.png>
File: ./section4Optimal/optimizedCoilDistribution.png Graphic file (type bmp)

<./section4Optimal/optimizedCoilDistribution.png> [77]
File: ./section4Optimal/combinedShieldingRates.png Graphic file (type bmp)

<./section4Optimal/combinedShieldingRates.png>
File: ./section4Optimal/combinedShieldingRatesTopLine.png Graphic file (type bm
p)

<./section4Optimal/combinedShieldingRatesTopLine.png> [78] [79] [80]
File: ./section4Optimal/evaluationRegion.png Graphic file (type bmp)

<./section4Optimal/evaluationRegion.png> [81]
File: ./section4Optimal/FMOptimization.png Graphic file (type bmp)

<./section4Optimal/FMOptimization.png> [82]
File: ./section4Optimal/FMDistribution.png Graphic file (type bmp)

<./section4Optimal/FMDistribution.png>
File: ./section4Optimal/FMDistributionTopLine.png Graphic file (type bmp)

<./section4Optimal/FMDistributionTopLine.png> [83] [84] [85] [86]) [87]
(./section5Conclusion/Conclusion.tex) [88] [89]
(./Acknowledgments/Acknowledgments.tex) [90] (./thesis.aux)

LaTeX Font Warning: Some font shapes were not available, defaults substituted.


LaTeX Warning: There were undefined references.


LaTeX Warning: There were multiply-defined labels.

 ) 
Here is how much of TeX's memory you used:
 3541 strings out of 493693
 51066 string characters out of 6149786
 124900 words of memory out of 5000000
 6952 multiletter control sequences out of 15000+600000
 18340 words of font info for 71 fonts, out of 8000000 for 9000
 929 hyphenation exceptions out of 8191
 34i,15n,40p,534b,410s stack positions out of 5000i,500n,10000p,200000b,80000s

Output written on thesis.dvi (92 pages, 200056 bytes).
